mode: set
braccio/listener/internal/serialadapter/serialadapter.go:29.80,32.16 2 1
braccio/listener/internal/serialadapter/serialadapter.go:35.2,37.3 1 1
braccio/listener/internal/serialadapter/serialadapter.go:32.16,34.3 1 0
braccio/listener/internal/serialadapter/serialadapter.go:41.54,55.2 11 1
braccio/listener/internal/sqslistener/sqslistener.go:17.60,19.2 1 1
braccio/listener/internal/sqslistener/sqslistener.go:40.60,45.2 1 1
braccio/listener/internal/sqslistener/sqslistener.go:48.50,59.16 4 1
braccio/listener/internal/sqslistener/sqslistener.go:62.2,62.28 1 1
braccio/listener/internal/sqslistener/sqslistener.go:59.16,61.3 1 0
braccio/listener/internal/sqslistener/sqslistener.go:62.28,64.3 1 1
braccio/listener/internal/sqslistener/sqslistener.go:67.73,72.26 5 1
braccio/listener/internal/sqslistener/sqslistener.go:83.2,83.11 1 1
braccio/listener/internal/sqslistener/sqslistener.go:72.26,73.27 1 1
braccio/listener/internal/sqslistener/sqslistener.go:73.27,77.18 3 1
braccio/listener/internal/sqslistener/sqslistener.go:77.18,79.5 1 0
braccio/listener/internal/sqslistener/sqslistener.go:86.79,91.16 4 1
braccio/listener/internal/sqslistener/sqslistener.go:95.2,101.16 3 1
braccio/listener/internal/sqslistener/sqslistener.go:105.2,107.12 2 1
braccio/listener/internal/sqslistener/sqslistener.go:91.16,93.3 1 0
braccio/listener/internal/sqslistener/sqslistener.go:101.16,103.3 1 0
